<?xml version="1.0" encoding="UTF-8"?>
<coverage generated="1739976701486" clover="3.2.0">
  <project timestamp="1739976701487" name="All files">
    <metrics statements="52" coveredstatements="51" conditionals="19" coveredconditionals="18" methods="10" coveredmethods="10" elements="81" coveredelements="79" complexity="0" loc="52" ncloc="52" packages="2" files="4" classes="4"/>
    <package name="src">
      <metrics statements="29" coveredstatements="29" conditionals="10" coveredconditionals="10" methods="5" coveredmethods="5"/>
      <file name="gendiff.js" path="/home/serrgen/hexlet/frontend-project-46/src/gendiff.js">
        <metrics statements="19" coveredstatements="19" conditionals="10" coveredconditionals="10" methods="3" coveredmethods="3"/>
        <line num="5" count="2" type="stmt"/>
        <line num="6" count="10" type="stmt"/>
        <line num="7" count="10" type="stmt"/>
        <line num="8" count="36" type="stmt"/>
        <line num="9" count="36" type="stmt"/>
        <line num="10" count="36" type="cond" truecount="4" falsecount="0"/>
        <line num="11" count="8" type="stmt"/>
        <line num="17" count="28" type="cond" truecount="2" falsecount="0"/>
        <line num="18" count="10" type="stmt"/>
        <line num="20" count="18" type="cond" truecount="2" falsecount="0"/>
        <line num="21" count="4" type="stmt"/>
        <line num="23" count="14" type="cond" truecount="2" falsecount="0"/>
        <line num="24" count="8" type="stmt"/>
        <line num="31" count="6" type="stmt"/>
        <line num="35" count="2" type="stmt"/>
        <line num="36" count="2" type="stmt"/>
        <line num="37" count="2" type="stmt"/>
        <line num="38" count="2" type="stmt"/>
        <line num="39" count="2" type="stmt"/>
      </file>
      <file name="getParsedData.js" path="/home/serrgen/hexlet/frontend-project-46/src/getParsedData.js">
        <metrics statements="7" coveredstatements="7" conditionals="0" coveredconditionals="0" methods="1" coveredmethods="1"/>
        <line num="6" count="2" type="stmt"/>
        <line num="7" count="4" type="stmt"/>
        <line num="8" count="4" type="stmt"/>
        <line num="9" count="4" type="stmt"/>
        <line num="10" count="4" type="stmt"/>
        <line num="11" count="4" type="stmt"/>
        <line num="12" count="4" type="stmt"/>
      </file>
      <file name="parsers.js" path="/home/serrgen/hexlet/frontend-project-46/src/parsers.js">
        <metrics statements="3" coveredstatements="3" conditionals="0" coveredconditionals="0" methods="1" coveredmethods="1"/>
        <line num="3" count="2" type="stmt"/>
        <line num="4" count="4" type="stmt"/>
        <line num="9" count="4" type="stmt"/>
      </file>
    </package>
    <package name="src.formatters">
      <metrics statements="23" coveredstatements="22" conditionals="9" coveredconditionals="8" methods="5" coveredmethods="5"/>
      <file name="stylish.js" path="/home/serrgen/hexlet/frontend-project-46/src/formatters/stylish.js">
        <metrics statements="23" coveredstatements="22" conditionals="9" coveredconditionals="8" methods="5" coveredmethods="5"/>
        <line num="3" count="78" type="stmt"/>
        <line num="5" count="2" type="stmt"/>
        <line num="6" count="54" type="cond" truecount="2" falsecount="0"/>
        <line num="7" count="40" type="stmt"/>
        <line num="10" count="14" type="stmt"/>
        <line num="11" count="14" type="stmt"/>
        <line num="12" count="18" type="stmt"/>
        <line num="13" count="18" type="stmt"/>
        <line num="16" count="14" type="stmt"/>
        <line num="19" count="2" type="cond" truecount="1" falsecount="0"/>
        <line num="20" count="10" type="stmt"/>
        <line num="21" count="36" type="stmt"/>
        <line num="24" count="36" type="stmt"/>
        <line num="26" count="36" type="cond" truecount="5" falsecount="1"/>
        <line num="28" count="10" type="stmt"/>
        <line num="30" count="4" type="stmt"/>
        <line num="32" count="8" type="stmt"/>
        <line num="33" count="8" type="stmt"/>
        <line num="34" count="8" type="stmt"/>
        <line num="37" count="6" type="stmt"/>
        <line num="39" count="8" type="stmt"/>
        <line num="41" count="0" type="stmt"/>
        <line num="45" count="10" type="stmt"/>
      </file>
    </package>
  </project>
</coverage>
