<?xml version="1.0" encoding="UTF-8"?>
<coverage generated="1736956984450" clover="3.2.0">
  <project timestamp="1736956984450" name="All files">
    <metrics statements="25" coveredstatements="24" conditionals="12" coveredconditionals="8" methods="5" coveredmethods="5" elements="42" coveredelements="37" complexity="0" loc="25" ncloc="25" packages="1" files="2" classes="2"/>
    <file name="gendiff.js" path="/home/serrgen/hexlet/frontend-project-46/src/gendiff.js">
      <metrics statements="16" coveredstatements="15" conditionals="6" coveredconditionals="5" methods="3" coveredmethods="3"/>
      <line num="4" count="4" type="stmt"/>
      <line num="6" count="2" type="stmt"/>
      <line num="7" count="2" type="stmt"/>
      <line num="8" count="2" type="stmt"/>
      <line num="9" count="2" type="stmt"/>
      <line num="10" count="2" type="stmt"/>
      <line num="11" count="2" type="stmt"/>
      <line num="12" count="8" type="cond" truecount="2" falsecount="0"/>
      <line num="13" count="2" type="stmt"/>
      <line num="15" count="6" type="cond" truecount="2" falsecount="0"/>
      <line num="16" count="2" type="stmt"/>
      <line num="18" count="4" type="cond" truecount="1" falsecount="1"/>
      <line num="19" count="4" type="stmt"/>
      <line num="21" count="0" type="stmt"/>
      <line num="23" count="2" type="stmt"/>
      <line num="24" count="2" type="stmt"/>
    </file>
    <file name="parsers.js" path="/home/serrgen/hexlet/frontend-project-46/src/parsers.js">
      <metrics statements="9" coveredstatements="9" conditionals="6" coveredconditionals="3" methods="2" coveredmethods="2"/>
      <line num="5" count="4" type="cond" truecount="1" falsecount="1"/>
      <line num="7" count="2" type="stmt"/>
      <line num="8" count="2" type="stmt"/>
      <line num="9" count="2" type="stmt"/>
      <line num="10" count="2" type="stmt"/>
      <line num="11" count="2" type="stmt"/>
      <line num="12" count="2" type="cond" truecount="1" falsecount="1"/>
      <line num="13" count="2" type="cond" truecount="1" falsecount="1"/>
      <line num="14" count="2" type="stmt"/>
    </file>
  </project>
</coverage>
