{"/home/serrgen/hexlet/frontend-project-46/src/gendiff.js": {"path":"/home/serrgen/hexlet/frontend-project-46/src/gendiff.js","statementMap":{"0":{"start":{"line":5,"column":18},"end":{"line":33,"column":1}},"1":{"start":{"line":6,"column":15},"end":{"line":6,"column":62}},"2":{"start":{"line":7,"column":2},"end":{"line":32,"column":5}},"3":{"start":{"line":8,"column":19},"end":{"line":8,"column":29}},"4":{"start":{"line":9,"column":19},"end":{"line":9,"column":29}},"5":{"start":{"line":10,"column":4},"end":{"line":16,"column":5}},"6":{"start":{"line":11,"column":6},"end":{"line":15,"column":8}},"7":{"start":{"line":17,"column":4},"end":{"line":19,"column":5}},"8":{"start":{"line":18,"column":6},"end":{"line":18,"column":51}},"9":{"start":{"line":20,"column":4},"end":{"line":22,"column":5}},"10":{"start":{"line":21,"column":6},"end":{"line":21,"column":56}},"11":{"start":{"line":23,"column":4},"end":{"line":30,"column":5}},"12":{"start":{"line":24,"column":6},"end":{"line":29,"column":8}},"13":{"start":{"line":31,"column":4},"end":{"line":31,"column":53}},"14":{"start":{"line":35,"column":16},"end":{"line":40,"column":1}},"15":{"start":{"line":36,"column":16},"end":{"line":36,"column":40}},"16":{"start":{"line":37,"column":16},"end":{"line":37,"column":40}},"17":{"start":{"line":38,"column":19},"end":{"line":38,"column":42}},"18":{"start":{"line":39,"column":2},"end":{"line":39,"column":27}}},"fnMap":{"0":{"name":"(anonymous_0)","decl":{"start":{"line":5,"column":18},"end":{"line":5,"column":19}},"loc":{"start":{"line":5,"column":36},"end":{"line":33,"column":1}},"line":5},"1":{"name":"(anonymous_1)","decl":{"start":{"line":7,"column":18},"end":{"line":7,"column":19}},"loc":{"start":{"line":7,"column":27},"end":{"line":32,"column":3}},"line":7},"2":{"name":"(anonymous_2)","decl":{"start":{"line":35,"column":16},"end":{"line":35,"column":17}},"loc":{"start":{"line":35,"column":42},"end":{"line":40,"column":1}},"line":35}},"branchMap":{"0":{"loc":{"start":{"line":10,"column":4},"end":{"line":16,"column":5}},"type":"if","locations":[{"start":{"line":10,"column":4},"end":{"line":16,"column":5}},{"start":{},"end":{}}],"line":10},"1":{"loc":{"start":{"line":10,"column":8},"end":{"line":10,"column":58}},"type":"binary-expr","locations":[{"start":{"line":10,"column":8},"end":{"line":10,"column":31}},{"start":{"line":10,"column":35},"end":{"line":10,"column":58}}],"line":10},"2":{"loc":{"start":{"line":17,"column":4},"end":{"line":19,"column":5}},"type":"if","locations":[{"start":{"line":17,"column":4},"end":{"line":19,"column":5}},{"start":{},"end":{}}],"line":17},"3":{"loc":{"start":{"line":20,"column":4},"end":{"line":22,"column":5}},"type":"if","locations":[{"start":{"line":20,"column":4},"end":{"line":22,"column":5}},{"start":{},"end":{}}],"line":20},"4":{"loc":{"start":{"line":23,"column":4},"end":{"line":30,"column":5}},"type":"if","locations":[{"start":{"line":23,"column":4},"end":{"line":30,"column":5}},{"start":{},"end":{}}],"line":23}},"s":{"0":2,"1":10,"2":10,"3":36,"4":36,"5":36,"6":8,"7":28,"8":10,"9":18,"10":4,"11":14,"12":8,"13":6,"14":2,"15":2,"16":2,"17":2,"18":2},"f":{"0":10,"1":36,"2":2},"b":{"0":[8,28],"1":[36,12],"2":[10,18],"3":[4,14],"4":[8,6]},"_coverageSchema":"1a1c01bbd47fc00a2c39e90264f33305004495a9","hash":"211087e892a32118753ae43fa23f83a4879fd93d"}
,"/home/serrgen/hexlet/frontend-project-46/src/getParsedData.js": {"path":"/home/serrgen/hexlet/frontend-project-46/src/getParsedData.js","statementMap":{"0":{"start":{"line":6,"column":22},"end":{"line":13,"column":1}},"1":{"start":{"line":7,"column":23},"end":{"line":7,"column":60}},"2":{"start":{"line":8,"column":15},"end":{"line":8,"column":53}},"3":{"start":{"line":9,"column":20},"end":{"line":9,"column":55}},"4":{"start":{"line":10,"column":21},"end":{"line":10,"column":45}},"5":{"start":{"line":11,"column":21},"end":{"line":11,"column":68}},"6":{"start":{"line":12,"column":2},"end":{"line":12,"column":20}}},"fnMap":{"0":{"name":"(anonymous_0)","decl":{"start":{"line":6,"column":22},"end":{"line":6,"column":23}},"loc":{"start":{"line":6,"column":36},"end":{"line":13,"column":1}},"line":6}},"branchMap":{},"s":{"0":2,"1":4,"2":4,"3":4,"4":4,"5":4,"6":4},"f":{"0":4},"b":{},"_coverageSchema":"1a1c01bbd47fc00a2c39e90264f33305004495a9","hash":"e13f4b1d8b79513e49e5ed7ac03c5658a4f2c3ee"}
,"/home/serrgen/hexlet/frontend-project-46/src/parsers.js": {"path":"/home/serrgen/hexlet/frontend-project-46/src/parsers.js","statementMap":{"0":{"start":{"line":3,"column":14},"end":{"line":10,"column":1}},"1":{"start":{"line":4,"column":18},"end":{"line":8,"column":3}},"2":{"start":{"line":9,"column":2},"end":{"line":9,"column":34}}},"fnMap":{"0":{"name":"(anonymous_0)","decl":{"start":{"line":3,"column":14},"end":{"line":3,"column":15}},"loc":{"start":{"line":3,"column":35},"end":{"line":10,"column":1}},"line":3}},"branchMap":{},"s":{"0":2,"1":4,"2":4},"f":{"0":4},"b":{},"_coverageSchema":"1a1c01bbd47fc00a2c39e90264f33305004495a9","hash":"c1570ebbcec139db4ae0d52de630de8a562f705e"}
,"/home/serrgen/hexlet/frontend-project-46/src/formatters/stylish.js": {"path":"/home/serrgen/hexlet/frontend-project-46/src/formatters/stylish.js","statementMap":{"0":{"start":{"line":3,"column":17},"end":{"line":3,"column":49}},"1":{"start":{"line":3,"column":28},"end":{"line":3,"column":49}},"2":{"start":{"line":5,"column":18},"end":{"line":17,"column":1}},"3":{"start":{"line":6,"column":2},"end":{"line":8,"column":3}},"4":{"start":{"line":7,"column":4},"end":{"line":7,"column":17}},"5":{"start":{"line":10,"column":18},"end":{"line":10,"column":39}},"6":{"start":{"line":11,"column":16},"end":{"line":14,"column":4}},"7":{"start":{"line":12,"column":26},"end":{"line":12,"column":45}},"8":{"start":{"line":13,"column":4},"end":{"line":13,"column":68}},"9":{"start":{"line":16,"column":2},"end":{"line":16,"column":55}},"10":{"start":{"line":19,"column":16},"end":{"line":46,"column":1}},"11":{"start":{"line":20,"column":16},"end":{"line":43,"column":4}},"12":{"start":{"line":21,"column":19},"end":{"line":21,"column":34}},"13":{"start":{"line":24,"column":8},"end":{"line":24,"column":12}},"14":{"start":{"line":26,"column":4},"end":{"line":42,"column":5}},"15":{"start":{"line":28,"column":8},"end":{"line":28,"column":67}},"16":{"start":{"line":30,"column":8},"end":{"line":30,"column":70}},"17":{"start":{"line":32,"column":23},"end":{"line":32,"column":77}},"18":{"start":{"line":33,"column":23},"end":{"line":33,"column":77}},"19":{"start":{"line":34,"column":8},"end":{"line":34,"column":38}},"20":{"start":{"line":37,"column":8},"end":{"line":37,"column":67}},"21":{"start":{"line":39,"column":8},"end":{"line":39,"column":68}},"22":{"start":{"line":41,"column":8},"end":{"line":41,"column":54}},"23":{"start":{"line":45,"column":2},"end":{"line":45,"column":55}}},"fnMap":{"0":{"name":"(anonymous_0)","decl":{"start":{"line":3,"column":17},"end":{"line":3,"column":18}},"loc":{"start":{"line":3,"column":28},"end":{"line":3,"column":49}},"line":3},"1":{"name":"(anonymous_1)","decl":{"start":{"line":5,"column":18},"end":{"line":5,"column":19}},"loc":{"start":{"line":5,"column":36},"end":{"line":17,"column":1}},"line":5},"2":{"name":"(anonymous_2)","decl":{"start":{"line":11,"column":28},"end":{"line":11,"column":29}},"loc":{"start":{"line":11,"column":44},"end":{"line":14,"column":3}},"line":11},"3":{"name":"(anonymous_3)","decl":{"start":{"line":19,"column":16},"end":{"line":19,"column":17}},"loc":{"start":{"line":19,"column":37},"end":{"line":46,"column":1}},"line":19},"4":{"name":"(anonymous_4)","decl":{"start":{"line":20,"column":25},"end":{"line":20,"column":26}},"loc":{"start":{"line":20,"column":35},"end":{"line":43,"column":3}},"line":20}},"branchMap":{"0":{"loc":{"start":{"line":6,"column":2},"end":{"line":8,"column":3}},"type":"if","locations":[{"start":{"line":6,"column":2},"end":{"line":8,"column":3}},{"start":{},"end":{}}],"line":6},"1":{"loc":{"start":{"line":19,"column":23},"end":{"line":19,"column":32}},"type":"default-arg","locations":[{"start":{"line":19,"column":31},"end":{"line":19,"column":32}}],"line":19},"2":{"loc":{"start":{"line":26,"column":4},"end":{"line":42,"column":5}},"type":"switch","locations":[{"start":{"line":27,"column":6},"end":{"line":28,"column":67}},{"start":{"line":29,"column":6},"end":{"line":30,"column":70}},{"start":{"line":31,"column":6},"end":{"line":35,"column":7}},{"start":{"line":36,"column":6},"end":{"line":37,"column":67}},{"start":{"line":38,"column":6},"end":{"line":39,"column":68}},{"start":{"line":40,"column":6},"end":{"line":41,"column":54}}],"line":26}},"s":{"0":2,"1":78,"2":2,"3":54,"4":40,"5":14,"6":14,"7":18,"8":18,"9":14,"10":2,"11":10,"12":36,"13":36,"14":36,"15":10,"16":4,"17":8,"18":8,"19":8,"20":6,"21":8,"22":0,"23":10},"f":{"0":78,"1":54,"2":18,"3":10,"4":36},"b":{"0":[40,14],"1":[2],"2":[10,4,8,6,8,0]},"_coverageSchema":"1a1c01bbd47fc00a2c39e90264f33305004495a9","hash":"859eefb1b11ee24957b13c8da751855a6ab5f897"}
}
