TN:
SF:src/gendiff.js
FN:5,(anonymous_0)
FN:8,(anonymous_1)
FN:41,(anonymous_2)
FNF:3
FNH:3
FNDA:6,(anonymous_0)
FNDA:23,(anonymous_1)
FNDA:2,(anonymous_2)
DA:5,2
DA:6,6
DA:8,6
DA:9,23
DA:10,23
DA:12,23
DA:13,4
DA:20,19
DA:21,6
DA:24,13
DA:25,4
DA:28,9
DA:29,5
DA:37,4
DA:41,2
DA:42,2
DA:43,2
DA:44,2
DA:45,2
LF:19
LH:19
BRDA:12,0,0,4
BRDA:12,0,1,19
BRDA:12,1,0,23
BRDA:12,1,1,6
BRDA:20,2,0,6
BRDA:20,2,1,13
BRDA:24,3,0,4
BRDA:24,3,1,9
BRDA:28,4,0,5
BRDA:28,4,1,4
BRF:10
BRH:10
end_of_record
TN:
SF:src/getParsedData.js
FN:6,(anonymous_0)
FNF:1
FNH:1
FNDA:4,(anonymous_0)
DA:6,2
DA:7,4
DA:8,4
DA:9,4
DA:10,4
DA:11,4
DA:12,4
LF:7
LH:7
BRF:0
BRH:0
end_of_record
TN:
SF:src/parsers.js
FN:3,(anonymous_0)
FNF:1
FNH:1
FNDA:4,(anonymous_0)
DA:3,2
DA:4,4
DA:9,4
LF:3
LH:3
BRF:0
BRH:0
end_of_record
TN:
SF:src/formatters/stylish.js
FN:3,(anonymous_0)
FN:5,(anonymous_1)
FN:11,(anonymous_2)
FN:19,(anonymous_3)
FN:20,(anonymous_4)
FNF:5
FNH:5
FNDA:50,(anonymous_0)
FNDA:38,(anonymous_1)
FNDA:9,(anonymous_2)
FNDA:8,(anonymous_3)
FNDA:28,(anonymous_4)
DA:3,50
DA:5,3
DA:6,38
DA:7,31
DA:10,7
DA:11,7
DA:12,9
DA:13,9
DA:16,7
DA:19,3
DA:20,8
DA:21,28
DA:24,28
DA:26,28
DA:28,7
DA:30,5
DA:32,6
DA:33,6
DA:34,6
DA:37,5
DA:39,5
DA:41,0
DA:45,6
LF:23
LH:22
BRDA:6,0,0,31
BRDA:6,0,1,7
BRDA:19,1,0,2
BRDA:26,2,0,7
BRDA:26,2,1,5
BRDA:26,2,2,6
BRDA:26,2,3,5
BRDA:26,2,4,5
BRDA:26,2,5,0
BRF:9
BRH:8
end_of_record
