TN:
SF:src/gendiff.js
FN:5,(anonymous_0)
FN:7,(anonymous_1)
FN:35,(anonymous_2)
FNF:3
FNH:3
FNDA:10,(anonymous_0)
FNDA:36,(anonymous_1)
FNDA:2,(anonymous_2)
DA:5,2
DA:6,10
DA:7,10
DA:8,36
DA:9,36
DA:10,36
DA:11,8
DA:17,28
DA:18,10
DA:20,18
DA:21,4
DA:23,14
DA:24,8
DA:31,6
DA:35,2
DA:36,2
DA:37,2
DA:38,2
DA:39,2
LF:19
LH:19
BRDA:10,0,0,8
BRDA:10,0,1,28
BRDA:10,1,0,36
BRDA:10,1,1,12
BRDA:17,2,0,10
BRDA:17,2,1,18
BRDA:20,3,0,4
BRDA:20,3,1,14
BRDA:23,4,0,8
BRDA:23,4,1,6
BRF:10
BRH:10
end_of_record
TN:
SF:src/getParsedData.js
FN:6,(anonymous_0)
FNF:1
FNH:1
FNDA:4,(anonymous_0)
DA:6,2
DA:7,4
DA:8,4
DA:9,4
DA:10,4
DA:11,4
DA:12,4
LF:7
LH:7
BRF:0
BRH:0
end_of_record
TN:
SF:src/parsers.js
FN:3,(anonymous_0)
FNF:1
FNH:1
FNDA:4,(anonymous_0)
DA:3,2
DA:4,4
DA:9,4
LF:3
LH:3
BRF:0
BRH:0
end_of_record
TN:
SF:src/formatters/stylish.js
FN:3,(anonymous_0)
FN:5,(anonymous_1)
FN:11,(anonymous_2)
FN:19,(anonymous_3)
FN:20,(anonymous_4)
FNF:5
FNH:5
FNDA:78,(anonymous_0)
FNDA:54,(anonymous_1)
FNDA:18,(anonymous_2)
FNDA:10,(anonymous_3)
FNDA:36,(anonymous_4)
DA:3,78
DA:5,2
DA:6,54
DA:7,40
DA:10,14
DA:11,14
DA:12,18
DA:13,18
DA:16,14
DA:19,2
DA:20,10
DA:21,36
DA:24,36
DA:26,36
DA:28,10
DA:30,4
DA:32,8
DA:33,8
DA:34,8
DA:37,6
DA:39,8
DA:41,0
DA:45,10
LF:23
LH:22
BRDA:6,0,0,40
BRDA:6,0,1,14
BRDA:19,1,0,2
BRDA:26,2,0,10
BRDA:26,2,1,4
BRDA:26,2,2,8
BRDA:26,2,3,6
BRDA:26,2,4,8
BRDA:26,2,5,0
BRF:9
BRH:8
end_of_record
